<?xml version="1.0" encoding="UTF-8"?>
<!-- Generated by org.testng.reporters.JUnitXMLReporter -->
<testsuite ignored="0" hostname="DESKTOP-CFL9K0I" failures="0" tests="2" name="Regression Tests1" time="29.56" errors="0" timestamp="2020-12-26T11:43:11 IST">
  <testcase classname="io.cucumber.testng.AbstractTestNGCucumberTests" name="runScenario" time="21.191"/>
  <testcase classname="io.cucumber.testng.AbstractTestNGCucumberTests" name="runScenario" time="28.677"/>
</testsuite> <!-- Regression Tests1 -->
