<?xml version="1.0" encoding="UTF-8"?>
<!-- Generated by org.testng.reporters.JUnitXMLReporter -->
<testsuite ignored="0" hostname="DESKTOP-CFL9K0I" failures="0" tests="6" name="Regression Tests2" time="0.12" errors="0" timestamp="2020-12-26T11:06:59 IST">
  <testcase classname="com.example.ThreadlocalTestclass" name="test4" time="0.012"/>
  <testcase classname="com.example.ThreadlocalTestclass" name="test1" time="0.005"/>
  <testcase classname="com.example.ThreadlocalTestclass" name="test3" time="0.015"/>
  <testcase classname="com.example.ThreadlocalTestclass" name="test6" time="0.033"/>
  <testcase classname="com.example.ThreadlocalTestclass" name="test2" time="0.035"/>
  <testcase classname="com.example.ThreadlocalTestclass" name="test5" time="0.02"/>
</testsuite> <!-- Regression Tests2 -->
