<?xml version="1.0" encoding="UTF-8"?>
<!-- Generated by org.testng.reporters.JUnitXMLReporter -->
<testsuite ignored="5" hostname="DESKTOP-CFL9K0I" failures="0" tests="1" name="Default test" time="0.138" errors="0" timestamp="2020-12-26T11:06:41 IST">
  <testcase classname="com.example.ThreadlocalTestclass" name="test2" time="0.017"/>
  <testcase classname="com.example.ThreadlocalTestclass" name="test6" time="0.0">
    <ignored/>
  </testcase> <!-- test6 -->
  <testcase classname="com.example.ThreadlocalTestclass" name="test5" time="0.0">
    <ignored/>
  </testcase> <!-- test5 -->
  <testcase classname="com.example.ThreadlocalTestclass" name="test4" time="0.0">
    <ignored/>
  </testcase> <!-- test4 -->
  <testcase classname="com.example.ThreadlocalTestclass" name="test1" time="0.0">
    <ignored/>
  </testcase> <!-- test1 -->
  <testcase classname="com.example.ThreadlocalTestclass" name="test3" time="0.0">
    <ignored/>
  </testcase> <!-- test3 -->
</testsuite> <!-- Default test -->
