<?xml version="1.0" encoding="UTF-8"?>
<testng-results ignored="0" total="2" passed="2" failed="0" skipped="0">
  <reporter-output>
  </reporter-output>
  <suite started-at="2020-12-26T11:42:41 IST" name="Test Suite" finished-at="2020-12-26T11:43:10 IST" duration-ms="29560">
    <groups>
      <group name="cucumber">
        <method signature="AbstractTestNGCucumberTests.runScenario(io.cucumber.testng.PickleWrapper, io.cucumber.testng.FeatureWrapper)[pri:0, instance:com.example.TestRunner1@77eca502]" name="runScenario" class="io.cucumber.testng.AbstractTestNGCucumberTests"/>
        <method signature="AbstractTestNGCucumberTests.runScenario(io.cucumber.testng.PickleWrapper, io.cucumber.testng.FeatureWrapper)[pri:0, instance:com.example.TestRunner@7690781]" name="runScenario" class="io.cucumber.testng.AbstractTestNGCucumberTests"/>
      </group> <!-- cucumber -->
    </groups>
    <test started-at="2020-12-26T11:42:41 IST" name="Regression Tests1" finished-at="2020-12-26T11:43:10 IST" duration-ms="29560">
      <class name="com.example.TestRunner">
        <test-method is-config="true" signature="setUpClass()[pri:0, instance:com.example.TestRunner@7690781]" started-at="2020-12-26T11:42:41 IST" name="setUpClass" finished-at="2020-12-26T11:42:42 IST" duration-ms="671" status="PASS">
          <reporter-output>
          </reporter-output>
        </test-method> <!-- setUpClass -->
        <test-method signature="runScenario(io.cucumber.testng.PickleWrapper, io.cucumber.testng.FeatureWrapper)[pri:0, instance:com.example.TestRunner@7690781]" started-at="2020-12-26T11:42:42 IST" name="runScenario" description="Runs Cucumber Scenarios" data-provider="scenarios" finished-at="2020-12-26T11:43:03 IST" duration-ms="21191" status="PASS">
          <params>
            <param index="0">
              <value>
                <![CDATA["Open Google page"]]>
              </value>
            </param>
            <param index="1">
              <value>
                <![CDATA["Optional[Google Test]"]]>
              </value>
            </param>
          </params>
          <reporter-output>
          </reporter-output>
        </test-method> <!-- runScenario -->
        <test-method is-config="true" signature="tearDownClass()[pri:0, instance:com.example.TestRunner@7690781]" started-at="2020-12-26T11:43:03 IST" name="tearDownClass" finished-at="2020-12-26T11:43:04 IST" duration-ms="1204" status="PASS">
          <reporter-output>
          </reporter-output>
        </test-method> <!-- tearDownClass -->
      </class> <!-- com.example.TestRunner -->
      <class name="com.example.TestRunner1">
        <test-method is-config="true" signature="setUpClass()[pri:0, instance:com.example.TestRunner1@77eca502]" started-at="2020-12-26T11:42:41 IST" name="setUpClass" finished-at="2020-12-26T11:42:42 IST" duration-ms="703" status="PASS">
          <reporter-output>
          </reporter-output>
        </test-method> <!-- setUpClass -->
        <test-method signature="runScenario(io.cucumber.testng.PickleWrapper, io.cucumber.testng.FeatureWrapper)[pri:0, instance:com.example.TestRunner1@77eca502]" started-at="2020-12-26T11:42:42 IST" name="runScenario" description="Runs Cucumber Scenarios" data-provider="scenarios" finished-at="2020-12-26T11:43:10 IST" duration-ms="28677" status="PASS">
          <params>
            <param index="0">
              <value>
                <![CDATA["Open Tesla page"]]>
              </value>
            </param>
            <param index="1">
              <value>
                <![CDATA["Optional[Tesla Test]"]]>
              </value>
            </param>
          </params>
          <reporter-output>
          </reporter-output>
        </test-method> <!-- runScenario -->
        <test-method is-config="true" signature="tearDownClass()[pri:0, instance:com.example.TestRunner1@77eca502]" started-at="2020-12-26T11:43:10 IST" name="tearDownClass" finished-at="2020-12-26T11:43:10 IST" duration-ms="126" status="PASS">
          <reporter-output>
          </reporter-output>
        </test-method> <!-- tearDownClass -->
      </class> <!-- com.example.TestRunner1 -->
    </test> <!-- Regression Tests1 -->
  </suite> <!-- Test Suite -->
</testng-results>
